<?xml version="1.0" encoding="UTF-8"?>
<coverage generated="1742161539296" clover="3.2.0">
  <project timestamp="1742161539296" name="All files">
    <metrics statements="35" coveredstatements="27" conditionals="51" coveredconditionals="43" methods="20" coveredmethods="16" elements="106" coveredelements="86" complexity="0" loc="35" ncloc="35" packages="2" files="9" classes="9"/>
    <package name="components">
      <metrics statements="32" coveredstatements="24" conditionals="45" coveredconditionals="37" methods="17" coveredmethods="13"/>
      <file name="Catalog.jsx" path="/Users/dstevenson/tribalScale/domain-take-home/app/components/Catalog.jsx">
        <metrics statements="1" coveredstatements="1" conditionals="2" coveredconditionals="2" methods="1" coveredmethods="1"/>
        <line num="3" count="2" type="stmt"/>
      </file>
      <file name="Contact.jsx" path="/Users/dstevenson/tribalScale/domain-take-home/app/components/Contact.jsx">
        <metrics statements="1" coveredstatements="1" conditionals="0" coveredconditionals="0" methods="1" coveredmethods="1"/>
        <line num="2" count="5" type="stmt"/>
      </file>
      <file name="CustomColorSwatch.jsx" path="/Users/dstevenson/tribalScale/domain-take-home/app/components/CustomColorSwatch.jsx">
        <metrics statements="6" coveredstatements="6" conditionals="9" coveredconditionals="8" methods="4" coveredmethods="4"/>
        <line num="7" count="6" type="stmt"/>
        <line num="11" count="18" type="cond" truecount="3" falsecount="0"/>
        <line num="15" count="18" type="stmt"/>
        <line num="18" count="1" type="stmt"/>
        <line num="39" count="18" type="stmt"/>
        <line num="48" count="18" type="cond" truecount="1" falsecount="1"/>
      </file>
      <file name="HoverImage.jsx" path="/Users/dstevenson/tribalScale/domain-take-home/app/components/HoverImage.jsx">
        <metrics statements="1" coveredstatements="1" conditionals="8" coveredconditionals="8" methods="1" coveredmethods="1"/>
        <line num="13" count="11" type="stmt"/>
      </file>
      <file name="LandingPage.jsx" path="/Users/dstevenson/tribalScale/domain-take-home/app/components/LandingPage.jsx">
        <metrics statements="1" coveredstatements="1" conditionals="0" coveredconditionals="0" methods="1" coveredmethods="1"/>
        <line num="4" count="6" type="stmt"/>
      </file>
      <file name="OnSaleBadge.jsx" path="/Users/dstevenson/tribalScale/domain-take-home/app/components/OnSaleBadge.jsx">
        <metrics statements="1" coveredstatements="1" conditionals="2" coveredconditionals="2" methods="1" coveredmethods="1"/>
        <line num="6" count="7" type="stmt"/>
      </file>
      <file name="ProductCard.jsx" path="/Users/dstevenson/tribalScale/domain-take-home/app/components/ProductCard.jsx">
        <metrics statements="20" coveredstatements="12" conditionals="12" coveredconditionals="5" methods="7" coveredmethods="3"/>
        <line num="13" count="1" type="stmt"/>
        <line num="14" count="1" type="stmt"/>
        <line num="17" count="1" type="stmt"/>
        <line num="23" count="1" type="stmt"/>
        <line num="25" count="1" type="stmt"/>
        <line num="29" count="1" type="cond" truecount="1" falsecount="1"/>
        <line num="32" count="1" type="cond" truecount="1" falsecount="1"/>
        <line num="33" count="0" type="stmt"/>
        <line num="37" count="1" type="stmt"/>
        <line num="38" count="1" type="cond" truecount="2" falsecount="2"/>
        <line num="39" count="1" type="stmt"/>
        <line num="42" count="0" type="stmt"/>
        <line num="45" count="0" type="stmt"/>
        <line num="47" count="0" type="stmt"/>
        <line num="52" count="1" type="stmt"/>
        <line num="53" count="0" type="stmt"/>
        <line num="54" count="0" type="stmt"/>
        <line num="57" count="1" type="stmt"/>
        <line num="64" count="0" type="stmt"/>
        <line num="65" count="0" type="stmt"/>
      </file>
      <file name="ProductDetails.jsx" path="/Users/dstevenson/tribalScale/domain-take-home/app/components/ProductDetails.jsx">
        <metrics statements="1" coveredstatements="1" conditionals="12" coveredconditionals="12" methods="1" coveredmethods="1"/>
        <line num="14" count="6" type="stmt"/>
      </file>
    </package>
    <package name="components.typography">
      <metrics statements="3" coveredstatements="3" conditionals="6" coveredconditionals="6" methods="3" coveredmethods="3"/>
      <file name="ProductCardFont.jsx" path="/Users/dstevenson/tribalScale/domain-take-home/app/components/typography/ProductCardFont.jsx">
        <metrics statements="3" coveredstatements="3" conditionals="6" coveredconditionals="6" methods="3" coveredmethods="3"/>
        <line num="6" count="3" type="stmt"/>
        <line num="20" count="3" type="stmt"/>
        <line num="34" count="3" type="stmt"/>
      </file>
    </package>
  </project>
</coverage>
