{"/Users/dstevenson/tribalScale/domain-take-home/app/components/Catalog.jsx": {"path":"/Users/dstevenson/tribalScale/domain-take-home/app/components/Catalog.jsx","statementMap":{"0":{"start":{"line":3,"column":2},"end":{"line":42,"column":4}}},"fnMap":{"0":{"name":"Catalog","decl":{"start":{"line":2,"column":16},"end":{"line":2,"column":23}},"loc":{"start":{"line":2,"column":35},"end":{"line":43,"column":1}},"line":2}},"branchMap":{"0":{"loc":{"start":{"line":21,"column":15},"end":{"line":28,"column":15}},"type":"binary-expr","locations":[{"start":{"line":21,"column":15},"end":{"line":21,"column":36}},{"start":{"line":22,"column":16},"end":{"line":27,"column":18}}],"line":21}},"s":{"0":2},"f":{"0":2},"b":{"0":[2,1]},"_coverageSchema":"1a1c01bbd47fc00a2c39e90264f33305004495a9","hash":"6811b51032e299a76529a20633da9c7187c0f816"}
,"/Users/dstevenson/tribalScale/domain-take-home/app/components/Contact.jsx": {"path":"/Users/dstevenson/tribalScale/domain-take-home/app/components/Contact.jsx","statementMap":{"0":{"start":{"line":2,"column":2},"end":{"line":99,"column":4}}},"fnMap":{"0":{"name":"Contact","decl":{"start":{"line":1,"column":16},"end":{"line":1,"column":23}},"loc":{"start":{"line":1,"column":26},"end":{"line":100,"column":1}},"line":1}},"branchMap":{},"s":{"0":5},"f":{"0":5},"b":{},"_coverageSchema":"1a1c01bbd47fc00a2c39e90264f33305004495a9","hash":"3525b0638bc0dde9bd13b53882b0daf0a43329bc"}
,"/Users/dstevenson/tribalScale/domain-take-home/app/components/CustomColorSwatch.jsx": {"path":"/Users/dstevenson/tribalScale/domain-take-home/app/components/CustomColorSwatch.jsx","statementMap":{"0":{"start":{"line":7,"column":2},"end":{"line":34,"column":4}},"1":{"start":{"line":11,"column":10},"end":{"line":13,"column":74}},"2":{"start":{"line":15,"column":8},"end":{"line":31,"column":10}},"3":{"start":{"line":18,"column":27},"end":{"line":18,"column":55}},"4":{"start":{"line":39,"column":19},"end":{"line":46,"column":3}},"5":{"start":{"line":48,"column":2},"end":{"line":48,"column":42}}},"fnMap":{"0":{"name":"CustomColorSwatch","decl":{"start":{"line":1,"column":16},"end":{"line":1,"column":33}},"loc":{"start":{"line":6,"column":3},"end":{"line":35,"column":1}},"line":6},"1":{"name":"(anonymous_1)","decl":{"start":{"line":9,"column":24},"end":{"line":9,"column":25}},"loc":{"start":{"line":9,"column":35},"end":{"line":32,"column":7}},"line":9},"2":{"name":"(anonymous_2)","decl":{"start":{"line":18,"column":21},"end":{"line":18,"column":22}},"loc":{"start":{"line":18,"column":27},"end":{"line":18,"column":55}},"line":18},"3":{"name":"getColorCode","decl":{"start":{"line":38,"column":9},"end":{"line":38,"column":21}},"loc":{"start":{"line":38,"column":33},"end":{"line":49,"column":1}},"line":38}},"branchMap":{"0":{"loc":{"start":{"line":11,"column":10},"end":{"line":13,"column":74}},"type":"binary-expr","locations":[{"start":{"line":11,"column":10},"end":{"line":11,"column":38}},{"start":{"line":12,"column":11},"end":{"line":12,"column":25}},{"start":{"line":13,"column":12},"end":{"line":13,"column":73}}],"line":11},"1":{"loc":{"start":{"line":20,"column":14},"end":{"line":20,"column":69}},"type":"cond-expr","locations":[{"start":{"line":20,"column":27},"end":{"line":20,"column":64}},{"start":{"line":20,"column":67},"end":{"line":20,"column":69}}],"line":20},"2":{"loc":{"start":{"line":24,"column":31},"end":{"line":26,"column":24}},"type":"cond-expr","locations":[{"start":{"line":25,"column":18},"end":{"line":25,"column":64}},{"start":{"line":26,"column":18},"end":{"line":26,"column":24}}],"line":24},"3":{"loc":{"start":{"line":48,"column":9},"end":{"line":48,"column":41}},"type":"binary-expr","locations":[{"start":{"line":48,"column":9},"end":{"line":48,"column":28}},{"start":{"line":48,"column":32},"end":{"line":48,"column":41}}],"line":48}},"s":{"0":6,"1":18,"2":18,"3":1,"4":18,"5":18},"f":{"0":6,"1":18,"2":1,"3":18},"b":{"0":[18,17,15],"1":[3,15],"2":[6,12],"3":[18,0]},"_coverageSchema":"1a1c01bbd47fc00a2c39e90264f33305004495a9","hash":"025f138d8dfceeece7be4b65faaf9b2221d3ecdf"}
,"/Users/dstevenson/tribalScale/domain-take-home/app/components/HoverImage.jsx": {"path":"/Users/dstevenson/tribalScale/domain-take-home/app/components/HoverImage.jsx","statementMap":{"0":{"start":{"line":13,"column":2},"end":{"line":54,"column":4}}},"fnMap":{"0":{"name":"HoverImage","decl":{"start":{"line":4,"column":16},"end":{"line":4,"column":26}},"loc":{"start":{"line":12,"column":3},"end":{"line":55,"column":1}},"line":12}},"branchMap":{"0":{"loc":{"start":{"line":11,"column":2},"end":{"line":11,"column":32}},"type":"default-arg","locations":[{"start":{"line":11,"column":30},"end":{"line":11,"column":32}}],"line":11},"1":{"loc":{"start":{"line":15,"column":7},"end":{"line":19,"column":7}},"type":"binary-expr","locations":[{"start":{"line":15,"column":7},"end":{"line":15,"column":15}},{"start":{"line":16,"column":8},"end":{"line":18,"column":14}}],"line":15},"2":{"loc":{"start":{"line":27,"column":11},"end":{"line":33,"column":11}},"type":"binary-expr","locations":[{"start":{"line":27,"column":11},"end":{"line":27,"column":37}},{"start":{"line":28,"column":12},"end":{"line":32,"column":14}}],"line":27},"3":{"loc":{"start":{"line":37,"column":7},"end":{"line":52,"column":7}},"type":"binary-expr","locations":[{"start":{"line":37,"column":7},"end":{"line":37,"column":16}},{"start":{"line":37,"column":20},"end":{"line":37,"column":55}},{"start":{"line":38,"column":8},"end":{"line":51,"column":14}}],"line":37}},"s":{"0":11},"f":{"0":11},"b":{"0":[10],"1":[11,1],"2":[11,9],"3":[11,3,2]},"_coverageSchema":"1a1c01bbd47fc00a2c39e90264f33305004495a9","hash":"960dec110b441b2f3b1147bb37ff1f204a065d26"}
,"/Users/dstevenson/tribalScale/domain-take-home/app/components/LandingPage.jsx": {"path":"/Users/dstevenson/tribalScale/domain-take-home/app/components/LandingPage.jsx","statementMap":{"0":{"start":{"line":4,"column":2},"end":{"line":41,"column":4}}},"fnMap":{"0":{"name":"LandingPage","decl":{"start":{"line":3,"column":16},"end":{"line":3,"column":27}},"loc":{"start":{"line":3,"column":51},"end":{"line":42,"column":1}},"line":3}},"branchMap":{},"s":{"0":6},"f":{"0":6},"b":{},"_coverageSchema":"1a1c01bbd47fc00a2c39e90264f33305004495a9","hash":"8570aea52029aed426409a225e7f289a6c126e4f"}
,"/Users/dstevenson/tribalScale/domain-take-home/app/components/OnSaleBadge.jsx": {"path":"/Users/dstevenson/tribalScale/domain-take-home/app/components/OnSaleBadge.jsx","statementMap":{"0":{"start":{"line":6,"column":2},"end":{"line":13,"column":4}}},"fnMap":{"0":{"name":"OnSaleBadge","decl":{"start":{"line":1,"column":16},"end":{"line":1,"column":27}},"loc":{"start":{"line":5,"column":3},"end":{"line":14,"column":1}},"line":5}},"branchMap":{"0":{"loc":{"start":{"line":2,"column":2},"end":{"line":2,"column":30}},"type":"default-arg","locations":[{"start":{"line":2,"column":14},"end":{"line":2,"column":30}}],"line":2},"1":{"loc":{"start":{"line":4,"column":2},"end":{"line":4,"column":35}},"type":"default-arg","locations":[{"start":{"line":4,"column":21},"end":{"line":4,"column":35}}],"line":4}},"s":{"0":7},"f":{"0":7},"b":{"0":[5],"1":[5]},"_coverageSchema":"1a1c01bbd47fc00a2c39e90264f33305004495a9","hash":"862d7bf3708e7b3c9fd451d10ed639ccdf3c6e45"}
,"/Users/dstevenson/tribalScale/domain-take-home/app/components/ProductCard.jsx": {"path":"/Users/dstevenson/tribalScale/domain-take-home/app/components/ProductCard.jsx","statementMap":{"0":{"start":{"line":13,"column":44},"end":{"line":13,"column":58}},"1":{"start":{"line":14,"column":36},"end":{"line":14,"column":51}},"2":{"start":{"line":17,"column":26},"end":{"line":20,"column":3}},"3":{"start":{"line":23,"column":2},"end":{"line":23,"column":63}},"4":{"start":{"line":25,"column":26},"end":{"line":25,"column":33}},"5":{"start":{"line":29,"column":4},"end":{"line":30,"column":6}},"6":{"start":{"line":29,"column":38},"end":{"line":29,"column":61}},"7":{"start":{"line":32,"column":30},"end":{"line":35,"column":21}},"8":{"start":{"line":33,"column":35},"end":{"line":33,"column":63}},"9":{"start":{"line":37,"column":19},"end":{"line":50,"column":6}},"10":{"start":{"line":38,"column":4},"end":{"line":40,"column":5}},"11":{"start":{"line":39,"column":6},"end":{"line":39,"column":19}},"12":{"start":{"line":42,"column":33},"end":{"line":44,"column":5}},"13":{"start":{"line":45,"column":31},"end":{"line":45,"column":71}},"14":{"start":{"line":47,"column":4},"end":{"line":49,"column":6}},"15":{"start":{"line":52,"column":22},"end":{"line":55,"column":3}},"16":{"start":{"line":53,"column":21},"end":{"line":53,"column":29}},"17":{"start":{"line":54,"column":4},"end":{"line":54,"column":46}},"18":{"start":{"line":57,"column":2},"end":{"line":91,"column":4}},"19":{"start":{"line":64,"column":30},"end":{"line":64,"column":48}},"20":{"start":{"line":65,"column":30},"end":{"line":65,"column":49}}},"fnMap":{"0":{"name":"ProductCard","decl":{"start":{"line":12,"column":16},"end":{"line":12,"column":27}},"loc":{"start":{"line":12,"column":39},"end":{"line":92,"column":1}},"line":12},"1":{"name":"(anonymous_1)","decl":{"start":{"line":29,"column":26},"end":{"line":29,"column":27}},"loc":{"start":{"line":29,"column":38},"end":{"line":29,"column":61}},"line":29},"2":{"name":"(anonymous_2)","decl":{"start":{"line":33,"column":24},"end":{"line":33,"column":25}},"loc":{"start":{"line":33,"column":35},"end":{"line":33,"column":63}},"line":33},"3":{"name":"(anonymous_3)","decl":{"start":{"line":37,"column":20},"end":{"line":37,"column":21}},"loc":{"start":{"line":37,"column":26},"end":{"line":50,"column":3}},"line":37},"4":{"name":"(anonymous_4)","decl":{"start":{"line":52,"column":22},"end":{"line":52,"column":23}},"loc":{"start":{"line":52,"column":36},"end":{"line":55,"column":3}},"line":52},"5":{"name":"(anonymous_5)","decl":{"start":{"line":64,"column":24},"end":{"line":64,"column":25}},"loc":{"start":{"line":64,"column":30},"end":{"line":64,"column":48}},"line":64},"6":{"name":"(anonymous_6)","decl":{"start":{"line":65,"column":24},"end":{"line":65,"column":25}},"loc":{"start":{"line":65,"column":30},"end":{"line":65,"column":49}},"line":65}},"branchMap":{"0":{"loc":{"start":{"line":29,"column":4},"end":{"line":30,"column":6}},"type":"binary-expr","locations":[{"start":{"line":29,"column":4},"end":{"line":29,"column":76}},{"start":{"line":30,"column":4},"end":{"line":30,"column":6}}],"line":29},"1":{"loc":{"start":{"line":32,"column":30},"end":{"line":35,"column":21}},"type":"cond-expr","locations":[{"start":{"line":33,"column":6},"end":{"line":34,"column":32}},{"start":{"line":35,"column":6},"end":{"line":35,"column":21}}],"line":32},"2":{"loc":{"start":{"line":38,"column":4},"end":{"line":40,"column":5}},"type":"if","locations":[{"start":{"line":38,"column":4},"end":{"line":40,"column":5}},{"start":{},"end":{}}],"line":38},"3":{"loc":{"start":{"line":38,"column":8},"end":{"line":38,"column":75}},"type":"binary-expr","locations":[{"start":{"line":38,"column":8},"end":{"line":38,"column":44}},{"start":{"line":38,"column":48},"end":{"line":38,"column":75}}],"line":38},"4":{"loc":{"start":{"line":48,"column":6},"end":{"line":48,"column":77}},"type":"binary-expr","locations":[{"start":{"line":48,"column":6},"end":{"line":48,"column":30}},{"start":{"line":48,"column":34},"end":{"line":48,"column":77}}],"line":48},"5":{"loc":{"start":{"line":86,"column":29},"end":{"line":86,"column":67}},"type":"binary-expr","locations":[{"start":{"line":86,"column":29},"end":{"line":86,"column":48}},{"start":{"line":86,"column":52},"end":{"line":86,"column":67}}],"line":86}},"s":{"0":1,"1":1,"2":1,"3":1,"4":1,"5":1,"6":1,"7":1,"8":0,"9":1,"10":1,"11":1,"12":0,"13":0,"14":0,"15":1,"16":0,"17":0,"18":1,"19":0,"20":0},"f":{"0":1,"1":1,"2":0,"3":1,"4":0,"5":0,"6":0},"b":{"0":[1,0],"1":[0,1],"2":[1,0],"3":[1,0],"4":[0,0],"5":[1,0]},"_coverageSchema":"1a1c01bbd47fc00a2c39e90264f33305004495a9","hash":"69a41172368aa7f3d85721f71fbd186d3d3e1dfa"}
,"/Users/dstevenson/tribalScale/domain-take-home/app/components/ProductDetails.jsx": {"path":"/Users/dstevenson/tribalScale/domain-take-home/app/components/ProductDetails.jsx","statementMap":{"0":{"start":{"line":14,"column":2},"end":{"line":38,"column":4}}},"fnMap":{"0":{"name":"ProductDetails","decl":{"start":{"line":7,"column":16},"end":{"line":7,"column":30}},"loc":{"start":{"line":13,"column":3},"end":{"line":39,"column":1}},"line":13}},"branchMap":{"0":{"loc":{"start":{"line":16,"column":7},"end":{"line":16,"column":64}},"type":"binary-expr","locations":[{"start":{"line":16,"column":7},"end":{"line":16,"column":13}},{"start":{"line":16,"column":17},"end":{"line":16,"column":64}}],"line":16},"1":{"loc":{"start":{"line":17,"column":7},"end":{"line":17,"column":60}},"type":"binary-expr","locations":[{"start":{"line":17,"column":7},"end":{"line":17,"column":12}},{"start":{"line":17,"column":16},"end":{"line":17,"column":60}}],"line":17},"2":{"loc":{"start":{"line":19,"column":9},"end":{"line":35,"column":9}},"type":"cond-expr","locations":[{"start":{"line":20,"column":10},"end":{"line":29,"column":13}},{"start":{"line":31,"column":10},"end":{"line":34,"column":25}}],"line":19},"3":{"loc":{"start":{"line":22,"column":15},"end":{"line":23,"column":63}},"type":"binary-expr","locations":[{"start":{"line":22,"column":15},"end":{"line":22,"column":50}},{"start":{"line":23,"column":16},"end":{"line":23,"column":63}}],"line":22},"4":{"loc":{"start":{"line":26,"column":15},"end":{"line":27,"column":54}},"type":"binary-expr","locations":[{"start":{"line":26,"column":15},"end":{"line":26,"column":41}},{"start":{"line":27,"column":16},"end":{"line":27,"column":54}}],"line":26},"5":{"loc":{"start":{"line":32,"column":13},"end":{"line":33,"column":52}},"type":"binary-expr","locations":[{"start":{"line":32,"column":13},"end":{"line":32,"column":39}},{"start":{"line":33,"column":14},"end":{"line":33,"column":52}}],"line":32}},"s":{"0":6},"f":{"0":6},"b":{"0":[6,5],"1":[6,5],"2":[1,5],"3":[1,1],"4":[1,1],"5":[5,4]},"_coverageSchema":"1a1c01bbd47fc00a2c39e90264f33305004495a9","hash":"12670569aa329f777eb4c1445c74914781f059a3"}
,"/Users/dstevenson/tribalScale/domain-take-home/app/components/typography/ProductCardFont.jsx": {"path":"/Users/dstevenson/tribalScale/domain-take-home/app/components/typography/ProductCardFont.jsx","statementMap":{"0":{"start":{"line":6,"column":2},"end":{"line":12,"column":4}},"1":{"start":{"line":20,"column":2},"end":{"line":26,"column":4}},"2":{"start":{"line":34,"column":2},"end":{"line":40,"column":4}}},"fnMap":{"0":{"name":"PriceDisplay","decl":{"start":{"line":1,"column":16},"end":{"line":1,"column":28}},"loc":{"start":{"line":5,"column":3},"end":{"line":13,"column":1}},"line":5},"1":{"name":"ProductCardTitle","decl":{"start":{"line":15,"column":16},"end":{"line":15,"column":32}},"loc":{"start":{"line":19,"column":3},"end":{"line":27,"column":1}},"line":19},"2":{"name":"ProductCardVendor","decl":{"start":{"line":29,"column":16},"end":{"line":29,"column":33}},"loc":{"start":{"line":33,"column":3},"end":{"line":41,"column":1}},"line":33}},"branchMap":{"0":{"loc":{"start":{"line":2,"column":2},"end":{"line":2,"column":16}},"type":"default-arg","locations":[{"start":{"line":2,"column":14},"end":{"line":2,"column":16}}],"line":2},"1":{"loc":{"start":{"line":4,"column":2},"end":{"line":4,"column":36}},"type":"default-arg","locations":[{"start":{"line":4,"column":21},"end":{"line":4,"column":36}}],"line":4},"2":{"loc":{"start":{"line":16,"column":2},"end":{"line":16,"column":16}},"type":"default-arg","locations":[{"start":{"line":16,"column":14},"end":{"line":16,"column":16}}],"line":16},"3":{"loc":{"start":{"line":18,"column":2},"end":{"line":18,"column":37}},"type":"default-arg","locations":[{"start":{"line":18,"column":21},"end":{"line":18,"column":37}}],"line":18},"4":{"loc":{"start":{"line":30,"column":2},"end":{"line":30,"column":16}},"type":"default-arg","locations":[{"start":{"line":30,"column":14},"end":{"line":30,"column":16}}],"line":30},"5":{"loc":{"start":{"line":32,"column":2},"end":{"line":32,"column":37}},"type":"default-arg","locations":[{"start":{"line":32,"column":21},"end":{"line":32,"column":37}}],"line":32}},"s":{"0":3,"1":3,"2":3},"f":{"0":3,"1":3,"2":3},"b":{"0":[2],"1":[2],"2":[2],"3":[2],"4":[2],"5":[2]},"_coverageSchema":"1a1c01bbd47fc00a2c39e90264f33305004495a9","hash":"8691b896f6aebdbc843b50de13a9d0ce17a1f368"}
}
