TN:
SF:app/components/Catalog.jsx
FN:2,Catalog
FNF:1
FNH:1
FNDA:2,Catalog
DA:3,2
LF:1
LH:1
BRDA:21,0,0,2
BRDA:21,0,1,1
BRF:2
BRH:2
end_of_record
TN:
SF:app/components/Contact.jsx
FN:1,Contact
FNF:1
FNH:1
FNDA:5,Contact
DA:2,5
LF:1
LH:1
BRF:0
BRH:0
end_of_record
TN:
SF:app/components/CustomColorSwatch.jsx
FN:1,CustomColorSwatch
FN:9,(anonymous_1)
FN:18,(anonymous_2)
FN:38,getColorCode
FNF:4
FNH:4
FNDA:6,CustomColorSwatch
FNDA:18,(anonymous_1)
FNDA:1,(anonymous_2)
FNDA:18,getColorCode
DA:7,6
DA:11,18
DA:15,18
DA:18,1
DA:39,18
DA:48,18
LF:6
LH:6
BRDA:11,0,0,18
BRDA:11,0,1,17
BRDA:11,0,2,15
BRDA:20,1,0,3
BRDA:20,1,1,15
BRDA:24,2,0,6
BRDA:24,2,1,12
BRDA:48,3,0,18
BRDA:48,3,1,0
BRF:9
BRH:8
end_of_record
TN:
SF:app/components/HoverImage.jsx
FN:4,HoverImage
FNF:1
FNH:1
FNDA:11,HoverImage
DA:13,11
LF:1
LH:1
BRDA:11,0,0,10
BRDA:15,1,0,11
BRDA:15,1,1,1
BRDA:27,2,0,11
BRDA:27,2,1,9
BRDA:37,3,0,11
BRDA:37,3,1,3
BRDA:37,3,2,2
BRF:8
BRH:8
end_of_record
TN:
SF:app/components/LandingPage.jsx
FN:3,LandingPage
FNF:1
FNH:1
FNDA:6,LandingPage
DA:4,6
LF:1
LH:1
BRF:0
BRH:0
end_of_record
TN:
SF:app/components/OnSaleBadge.jsx
FN:1,OnSaleBadge
FNF:1
FNH:1
FNDA:7,OnSaleBadge
DA:6,7
LF:1
LH:1
BRDA:2,0,0,5
BRDA:4,1,0,5
BRF:2
BRH:2
end_of_record
TN:
SF:app/components/ProductCard.jsx
FN:12,ProductCard
FN:29,(anonymous_1)
FN:33,(anonymous_2)
FN:37,(anonymous_3)
FN:52,(anonymous_4)
FN:64,(anonymous_5)
FN:65,(anonymous_6)
FNF:7
FNH:3
FNDA:1,ProductCard
FNDA:1,(anonymous_1)
FNDA:0,(anonymous_2)
FNDA:1,(anonymous_3)
FNDA:0,(anonymous_4)
FNDA:0,(anonymous_5)
FNDA:0,(anonymous_6)
DA:13,1
DA:14,1
DA:17,1
DA:23,1
DA:25,1
DA:29,1
DA:32,1
DA:33,0
DA:37,1
DA:38,1
DA:39,1
DA:42,0
DA:45,0
DA:47,0
DA:52,1
DA:53,0
DA:54,0
DA:57,1
DA:64,0
DA:65,0
LF:20
LH:12
BRDA:29,0,0,1
BRDA:29,0,1,0
BRDA:32,1,0,0
BRDA:32,1,1,1
BRDA:38,2,0,1
BRDA:38,2,1,0
BRDA:38,3,0,1
BRDA:38,3,1,0
BRDA:48,4,0,0
BRDA:48,4,1,0
BRDA:86,5,0,1
BRDA:86,5,1,0
BRF:12
BRH:5
end_of_record
TN:
SF:app/components/ProductDetails.jsx
FN:7,ProductDetails
FNF:1
FNH:1
FNDA:6,ProductDetails
DA:14,6
LF:1
LH:1
BRDA:16,0,0,6
BRDA:16,0,1,5
BRDA:17,1,0,6
BRDA:17,1,1,5
BRDA:19,2,0,1
BRDA:19,2,1,5
BRDA:22,3,0,1
BRDA:22,3,1,1
BRDA:26,4,0,1
BRDA:26,4,1,1
BRDA:32,5,0,5
BRDA:32,5,1,4
BRF:12
BRH:12
end_of_record
TN:
SF:app/components/typography/ProductCardFont.jsx
FN:1,PriceDisplay
FN:15,ProductCardTitle
FN:29,ProductCardVendor
FNF:3
FNH:3
FNDA:3,PriceDisplay
FNDA:3,ProductCardTitle
FNDA:3,ProductCardVendor
DA:6,3
DA:20,3
DA:34,3
LF:3
LH:3
BRDA:2,0,0,2
BRDA:4,1,0,2
BRDA:16,2,0,2
BRDA:18,3,0,2
BRDA:30,4,0,2
BRDA:32,5,0,2
BRF:6
BRH:6
end_of_record
